<?xml version="1.0" encoding="UTF-8"?>
<testsuite name="com.bridgelabz.selenium.LinkedinTest" tests="1" skipped="0" failures="0" errors="0" timestamp="2021-06-23T18:15:07" hostname="LAPTOP-22472JL6" time="12.871">
  <properties/>
  <testcase name="login_Linkedin" classname="com.bridgelabz.selenium.LinkedinTest" time="12.871"/>
  <system-out><![CDATA[Feed | LinkedIn
]]></system-out>
  <system-err><![CDATA[]]></system-err>
</testsuite>
